'INFO  '2016/11/11 15:17:37 revel.go:365: Loaded module static
'INFO  '2016/11/11 15:17:37 revel.go:230: Initialized Revel v0.13.1 (2016-06-06) for >= go1.4
'INFO  '2016/11/11 15:17:37 run.go:57: Running bonno (bonno) in prod mode
'TRACE '2016/11/11 15:17:37 run.go:58: Base path: /go/src/bonno
'TRACE '2016/11/11 15:17:37 run.go:68: Running in live build mode.
'INFO  '2016/11/11 15:17:37 build.go:179: Cleaning dir tmp
'INFO  '2016/11/11 15:17:37 build.go:179: Cleaning dir routes
'INFO  '2016/11/11 15:17:37 build.go:179: Cleaning dir tmp
'INFO  '2016/11/11 15:17:37 build.go:179: Cleaning dir routes
'TRACE '2016/11/11 15:17:37 build.go:101: Exec: [/usr/local/go/bin/go build -i -ldflags -X bonno/app.APP_VERSION= -tags  -o /go/bin/revel.d/bonno/bonno bonno/app/tmp]
'TRACE '2016/11/11 15:17:41 app.go:77: Exec app: /go/bin/revel.d/bonno/bonno [/go/bin/revel.d/bonno/bonno -port=9000 -importPath=bonno -runMode=prod]
'INFO  '2016/11/11 15:17:41 revel.go:365: Loaded module static
'INFO  '2016/11/11 15:17:41 revel.go:230: Initialized Revel v0.13.1 (2016-06-06) for >= go1.4
'INFO  '2016/11/11 15:17:41 main.go:27: Running revel server
'TRACE '2016/11/11 15:17:41 controller.go:402: Registered controller: GorpController
'TRACE '2016/11/11 15:17:41 controller.go:402: Registered controller: App
'TRACE '2016/11/11 15:17:41 controller.go:402: Registered controller: Static
'TRACE '2016/11/11 15:17:41 i18n.go:110: Importing messages from module: github.com/revel/modules/static
'TRACE '2016/11/11 15:17:41 i18n.go:145: Successfully loaded messages from file sample.en
'INFO  '2016/11/11 15:17:41 router.go:300: Skipping routes for inactive module testrunner
'TRACE '2016/11/11 15:17:41 template.go:193: Refreshing templates from [/go/src/bonno/app/views /go/src/github.com/revel/revel/templates]
'TRACE '2016/11/11 15:17:41 template.go:251: adding template:  App/Category.html
'TRACE '2016/11/11 15:17:41 template.go:251: adding template:  App/Detail.html
'TRACE '2016/11/11 15:17:41 template.go:251: adding template:  App/Index.html
'TRACE '2016/11/11 15:17:41 template.go:251: adding template:  App/Movie.html
'TRACE '2016/11/11 15:17:41 template.go:251: adding template:  App/Search.html
'TRACE '2016/11/11 15:17:41 template.go:251: adding template:  App/Top.html
'TRACE '2016/11/11 15:17:41 template.go:251: adding template:  bodyfooter.html
'TRACE '2016/11/11 15:17:41 template.go:251: adding template:  bodyheader.html
'TRACE '2016/11/11 15:17:41 template.go:251: adding template:  carousel.html
'TRACE '2016/11/11 15:17:41 template.go:251: adding template:  cateicon.html
'TRACE '2016/11/11 15:17:41 template.go:251: adding template:  debug.html
'TRACE '2016/11/11 15:17:41 template.go:251: adding template:  errors/404.html
'TRACE '2016/11/11 15:17:41 template.go:251: adding template:  errors/500.html
'TRACE '2016/11/11 15:17:41 template.go:251: adding template:  flash.html
'TRACE '2016/11/11 15:17:41 template.go:251: adding template:  footer.html
'TRACE '2016/11/11 15:17:41 template.go:251: adding template:  header.html
'TRACE '2016/11/11 15:17:41 template.go:251: adding template:  side.html
'TRACE '2016/11/11 15:17:41 template.go:251: adding template:  errors/403.html
'TRACE '2016/11/11 15:17:41 template.go:251: adding template:  errors/403.json
'TRACE '2016/11/11 15:17:41 template.go:251: adding template:  errors/403.txt
'TRACE '2016/11/11 15:17:41 template.go:251: adding template:  errors/403.xml
'TRACE '2016/11/11 15:17:41 template.go:251: adding template:  errors/404-dev.html
'TRACE '2016/11/11 15:17:41 template.go:251: adding template:  errors/404.html
'TRACE '2016/11/11 15:17:41 template.go:251: adding template:  errors/404.json
'TRACE '2016/11/11 15:17:41 template.go:251: adding template:  errors/404.txt
'TRACE '2016/11/11 15:17:41 template.go:251: adding template:  errors/404.xml
'TRACE '2016/11/11 15:17:41 template.go:251: adding template:  errors/405.html
'TRACE '2016/11/11 15:17:41 template.go:251: adding template:  errors/405.json
'TRACE '2016/11/11 15:17:41 template.go:251: adding template:  errors/405.txt
'TRACE '2016/11/11 15:17:41 template.go:251: adding template:  errors/405.xml
'TRACE '2016/11/11 15:17:41 template.go:251: adding template:  errors/500-dev.html
'TRACE '2016/11/11 15:17:41 template.go:251: adding template:  errors/500.html
'TRACE '2016/11/11 15:17:41 template.go:251: adding template:  errors/500.json
'TRACE '2016/11/11 15:17:41 template.go:251: adding template:  errors/500.txt
'TRACE '2016/11/11 15:17:41 template.go:251: adding template:  errors/500.xml
'TRACE '2016/11/11 15:17:52 i18n.go:209: Unable to read locale cookie with name 'REVEL_LANG': http: named cookie not present
'TRACE '2016/11/11 15:17:52 i18n.go:175: Found Accept-Language header value: ja
